<?xml version="1.0" encoding="UTF-8"?>
<robot generator="Robot 4.1.3 (Python 3.10.0 on darwin)" generated="20220313 17:03:46.164" rpa="false" schemaversion="2">
<suite id="s1" name="Test" source="/Users/macos/PycharmProjects/pythonProject2/test.robot">
<test id="s1-t1" name="Test Scenario 2">
<kw name="Open Browser" library="SeleniumLibrary">
<arg>https://www.amazon.com</arg>
<arg>chrome</arg>
<doc>Opens a new browser instance to the optional ``url``.</doc>
<msg timestamp="20220313 17:03:46.373" level="INFO">Opening browser 'chrome' to base url 'https://www.amazon.com'.</msg>
<status status="PASS" starttime="20220313 17:03:46.373" endtime="20220313 17:03:50.098"/>
</kw>
<kw name="Maximize Browser Window" library="SeleniumLibrary">
<doc>Maximizes current browser window.</doc>
<status status="PASS" starttime="20220313 17:03:50.098" endtime="20220313 17:03:50.252"/>
</kw>
<kw name="Sleep" library="BuiltIn">
<arg>0</arg>
<doc>Pauses the test executed for the given time.</doc>
<msg timestamp="20220313 17:03:50.252" level="INFO">Slept 0 seconds</msg>
<status status="PASS" starttime="20220313 17:03:50.252" endtime="20220313 17:03:50.252"/>
</kw>
<kw name="Input Text" library="SeleniumLibrary">
<arg>${search_text}</arg>
<arg>chair</arg>
<doc>Types the given ``text`` into the text field identified by ``locator``.</doc>
<msg timestamp="20220313 17:03:50.253" level="INFO">Typing text 'chair' into text field '//*[@id="twotabsearchtextbox"]'.</msg>
<status status="PASS" starttime="20220313 17:03:50.252" endtime="20220313 17:03:50.409"/>
</kw>
<kw name="Click Button" library="SeleniumLibrary">
<arg>${search_btn}</arg>
<doc>Clicks the button identified by ``locator``.</doc>
<msg timestamp="20220313 17:03:50.410" level="INFO">Clicking button '//*[@id="nav-search-submit-button"]'.</msg>
<status status="PASS" starttime="20220313 17:03:50.410" endtime="20220313 17:03:53.051"/>
</kw>
<kw name="Click Element" library="SeleniumLibrary">
<arg>${chair}</arg>
<doc>Click the element identified by ``locator``.</doc>
<msg timestamp="20220313 17:03:53.052" level="INFO">Clicking element '//*[@id="search"]/div[1]/div[1]/div/span[3]/div[2]/div[2]/div/div/div/div/div/div/div[2]/div[2]/h2/a/span'.</msg>
<status status="PASS" starttime="20220313 17:03:53.052" endtime="20220313 17:03:56.180"/>
</kw>
<kw name="Sleep" library="BuiltIn">
<arg>0</arg>
<doc>Pauses the test executed for the given time.</doc>
<msg timestamp="20220313 17:03:56.180" level="INFO">Slept 0 seconds</msg>
<status status="PASS" starttime="20220313 17:03:56.180" endtime="20220313 17:03:56.180"/>
</kw>
<kw name="Execute Javascript" library="SeleniumLibrary">
<arg>document.getElementById('quantity').click()</arg>
<doc>Executes the given JavaScript code with possible arguments.</doc>
<msg timestamp="20220313 17:03:56.181" level="INFO">Executing JavaScript:
document.getElementById('quantity').click()
Without any arguments.</msg>
<status status="PASS" starttime="20220313 17:03:56.180" endtime="20220313 17:03:56.200"/>
</kw>
<kw name="Click Element" library="SeleniumLibrary">
<arg>//*[@id="quantity_4"]</arg>
<doc>Click the element identified by ``locator``.</doc>
<msg timestamp="20220313 17:03:56.200" level="INFO">Clicking element '//*[@id="quantity_4"]'.</msg>
<status status="PASS" starttime="20220313 17:03:56.200" endtime="20220313 17:03:56.472"/>
</kw>
<kw name="Click Button" library="SeleniumLibrary">
<arg>${add_cart_btn}</arg>
<doc>Clicks the button identified by ``locator``.</doc>
<msg timestamp="20220313 17:03:56.472" level="INFO">Clicking button '//*[@id="add-to-cart-button"]'.</msg>
<status status="PASS" starttime="20220313 17:03:56.472" endtime="20220313 17:03:59.023"/>
</kw>
<kw name="Sleep" library="BuiltIn">
<arg>0</arg>
<doc>Pauses the test executed for the given time.</doc>
<msg timestamp="20220313 17:03:59.023" level="INFO">Slept 0 seconds</msg>
<status status="PASS" starttime="20220313 17:03:59.023" endtime="20220313 17:03:59.023"/>
</kw>
<kw name="Click Element" library="SeleniumLibrary">
<arg>//*[@id="nav-cart"]</arg>
<doc>Click the element identified by ``locator``.</doc>
<msg timestamp="20220313 17:03:59.023" level="INFO">Clicking element '//*[@id="nav-cart"]'.</msg>
<status status="PASS" starttime="20220313 17:03:59.023" endtime="20220313 17:04:01.445"/>
</kw>
<kw name="Element Should Contain" library="SeleniumLibrary">
<arg>//*[@id="a-autoid-0"]/span</arg>
<arg>5</arg>
<doc>Verifies that element ``locator`` contains text ``expected``.</doc>
<msg timestamp="20220313 17:04:01.476" level="INFO">Element '//*[@id="a-autoid-0"]/span' contains text '5'.</msg>
<status status="PASS" starttime="20220313 17:04:01.446" endtime="20220313 17:04:01.476"/>
</kw>
<kw name="Close Browser" library="SeleniumLibrary">
<doc>Closes the current browser.</doc>
<status status="PASS" starttime="20220313 17:04:01.476" endtime="20220313 17:04:01.677"/>
</kw>
<tag>DEBUG</tag>
<status status="PASS" starttime="20220313 17:03:46.373" endtime="20220313 17:04:01.678"/>
</test>
<status status="PASS" starttime="20220313 17:03:46.165" endtime="20220313 17:04:01.679"/>
</suite>
<statistics>
<total>
<stat pass="1" fail="0" skip="0">All Tests</stat>
</total>
<tag>
<stat pass="1" fail="0" skip="0">DEBUG</stat>
</tag>
<suite>
<stat pass="1" fail="0" skip="0" id="s1" name="Test">Test</stat>
</suite>
</statistics>
<errors>
</errors>
</robot>
