<?xml version="1.0" encoding="UTF-8"?>
<robot generator="Robot 4.1.3 (Python 3.10.0 on darwin)" generated="20220313 15:01:50.290" rpa="false" schemaversion="2">
<suite id="s1" name="Test" source="/Users/macos/PycharmProjects/pythonProject2/test.robot">
<test id="s1-t1" name="Test Scenario 2">
<kw name="Open Browser" library="SeleniumLibrary">
<arg>https://www.amazon.com</arg>
<arg>chrome</arg>
<doc>Opens a new browser instance to the optional ``url``.</doc>
<msg timestamp="20220313 15:01:50.471" level="INFO">Opening browser 'chrome' to base url 'https://www.amazon.com'.</msg>
<status status="PASS" starttime="20220313 15:01:50.471" endtime="20220313 15:01:54.813"/>
</kw>
<kw name="Maximize Browser Window" library="SeleniumLibrary">
<doc>Maximizes current browser window.</doc>
<status status="PASS" starttime="20220313 15:01:54.813" endtime="20220313 15:01:55.022"/>
</kw>
<kw name="Sleep" library="BuiltIn">
<arg>2</arg>
<doc>Pauses the test executed for the given time.</doc>
<msg timestamp="20220313 15:01:57.024" level="INFO">Slept 2 seconds</msg>
<status status="PASS" starttime="20220313 15:01:55.022" endtime="20220313 15:01:57.024"/>
</kw>
<kw name="Input Text" library="SeleniumLibrary">
<arg>${search_text}</arg>
<arg>chair</arg>
<doc>Types the given ``text`` into the text field identified by ``locator``.</doc>
<msg timestamp="20220313 15:01:57.025" level="INFO">Typing text 'chair' into text field '//*[@id="twotabsearchtextbox"]'.</msg>
<status status="PASS" starttime="20220313 15:01:57.024" endtime="20220313 15:01:57.200"/>
</kw>
<kw name="Click Button" library="SeleniumLibrary">
<arg>${search_btn}</arg>
<doc>Clicks the button identified by ``locator``.</doc>
<msg timestamp="20220313 15:01:57.201" level="INFO">Clicking button '//*[@id="nav-search-submit-button"]'.</msg>
<status status="PASS" starttime="20220313 15:01:57.200" endtime="20220313 15:02:01.564"/>
</kw>
<kw name="Click Element" library="SeleniumLibrary">
<arg>${chair}</arg>
<doc>Click the element identified by ``locator``.</doc>
<msg timestamp="20220313 15:02:01.565" level="INFO">Clicking element '//*[@id="search"]/div[1]/div[1]/div/span[3]/div[2]/div[2]/div/div/div/div/div/div/div[2]/div[2]/h2/a/span'.</msg>
<status status="PASS" starttime="20220313 15:02:01.564" endtime="20220313 15:02:06.300"/>
</kw>
<kw name="Select From List By Label" library="SeleniumLibrary">
<arg>quantity_0</arg>
<arg>5</arg>
<doc>Selects options from selection list ``locator`` by ``labels``.</doc>
<msg timestamp="20220313 15:02:06.301" level="INFO">Selecting options from selection list 'quantity_0' by label 5.</msg>
<msg timestamp="20220313 15:02:06.824" level="INFO" html="true">&lt;/td&gt;&lt;/tr&gt;&lt;tr&gt;&lt;td colspan="3"&gt;&lt;a href="selenium-screenshot-18.png"&gt;&lt;img src="selenium-screenshot-18.png" width="800px"&gt;&lt;/a&gt;</msg>
<msg timestamp="20220313 15:02:06.829" level="FAIL">List with locator 'quantity_0' not found.</msg>
<status status="FAIL" starttime="20220313 15:02:06.301" endtime="20220313 15:02:06.829"/>
</kw>
<kw name="Click Button" library="SeleniumLibrary">
<arg>${add_cart_btn}</arg>
<doc>Clicks the button identified by ``locator``.</doc>
<status status="NOT RUN" starttime="20220313 15:02:06.830" endtime="20220313 15:02:06.830"/>
</kw>
<kw name="Close Browser" library="SeleniumLibrary">
<doc>Closes the current browser.</doc>
<status status="NOT RUN" starttime="20220313 15:02:06.830" endtime="20220313 15:02:06.830"/>
</kw>
<tag>DEBUG</tag>
<status status="FAIL" starttime="20220313 15:01:50.470" endtime="20220313 15:02:06.830">List with locator 'quantity_0' not found.</status>
</test>
<status status="FAIL" starttime="20220313 15:01:50.291" endtime="20220313 15:02:06.832"/>
</suite>
<statistics>
<total>
<stat pass="0" fail="1" skip="0">All Tests</stat>
</total>
<tag>
<stat pass="0" fail="1" skip="0">DEBUG</stat>
</tag>
<suite>
<stat pass="0" fail="1" skip="0" id="s1" name="Test">Test</stat>
</suite>
</statistics>
<errors>
</errors>
</robot>
